Flow report for model_machine
Tue Jul 21 00:43:54 2020
Quartus Prime Version 20.1.0 Build 711 06/05/2020 SJ Lite Edition


---------------------
; Table of Contents ;
---------------------
  1. Legal Notice
  2. Flow Summary
  3. Flow Settings
  4. Flow Non-Default Global Settings
  5. Flow Elapsed Time
  6. Flow OS Summary
  7. Flow Log
  8. Flow Messages
  9. Flow Suppressed Messages



----------------
; Legal Notice ;
----------------
Copyright (C) 2020  Intel Corporation. All rights reserved.
Your use of Intel Corporation's design tools, logic functions 
and other software and tools, and any partner logic 
functions, and any output files from any of the foregoing 
(including device programming or simulation files), and any 
associated documentation or information are expressly subject 
to the terms and conditions of the Intel Program License 
Subscription Agreement, the Intel Quartus Prime License Agreement,
the Intel FPGA IP License Agreement, or other applicable license
agreement, including, without limitation, that your use is for
the sole purpose of programming logic devices manufactured by
Intel and sold by Intel or its authorized distributors.  Please
refer to the applicable agreement for further details, at
https://fpgasoftware.intel.com/eula.



+----------------------------------------------------------------------------------+
; Flow Summary                                                                     ;
+------------------------------------+---------------------------------------------+
; Flow Status                        ; Successful - Tue Jul 21 00:43:54 2020       ;
; Quartus Prime Version              ; 20.1.0 Build 711 06/05/2020 SJ Lite Edition ;
; Revision Name                      ; model_machine                               ;
; Top-level Entity Name              ; model_machine                               ;
; Family                             ; Cyclone IV E                                ;
; Total logic elements               ; 603 / 6,272 ( 10 % )                        ;
;     Total combinational functions  ; 471 / 6,272 ( 8 % )                         ;
;     Dedicated logic registers      ; 352 / 6,272 ( 6 % )                         ;
; Total registers                    ; 352                                         ;
; Total pins                         ; 115 / 180 ( 64 % )                          ;
; Total virtual pins                 ; 0                                           ;
; Total memory bits                  ; 0 / 276,480 ( 0 % )                         ;
; Embedded Multiplier 9-bit elements ; 0 / 30 ( 0 % )                              ;
; Total PLLs                         ; 0 / 2 ( 0 % )                               ;
; Device                             ; EP4CE6F17C6                                 ;
; Timing Models                      ; Final                                       ;
+------------------------------------+---------------------------------------------+


+-----------------------------------------+
; Flow Settings                           ;
+-------------------+---------------------+
; Option            ; Setting             ;
+-------------------+---------------------+
; Start date & time ; 07/21/2020 00:43:27 ;
; Main task         ; Compilation         ;
; Revision Name     ; model_machine       ;
+-------------------+---------------------+


+--------------------------------------------------------------------------------------------------------------------------------+
; Flow Non-Default Global Settings                                                                                               ;
+--------------------------------------+----------------------------------------+---------------+-------------+------------------+
; Assignment Name                      ; Value                                  ; Default Value ; Entity Name ; Section Id       ;
+--------------------------------------+----------------------------------------+---------------+-------------+------------------+
; COMPILER_SIGNATURE_ID                ; 268706573912448.159526340714344        ; --            ; --          ; --               ;
; EDA_DESIGN_INSTANCE_NAME             ; NA                                     ; --            ; --          ; ALU_tb           ;
; EDA_DESIGN_INSTANCE_NAME             ; NA                                     ; --            ; --          ; MAR_tb           ;
; EDA_DESIGN_INSTANCE_NAME             ; NA                                     ; --            ; --          ; model_machine_tb ;
; EDA_DESIGN_INSTANCE_NAME             ; NA                                     ; --            ; --          ; DR_tb            ;
; EDA_DESIGN_INSTANCE_NAME             ; NA                                     ; --            ; --          ; IR_tb            ;
; EDA_DESIGN_INSTANCE_NAME             ; NA                                     ; --            ; --          ; ACC_tb           ;
; EDA_DESIGN_INSTANCE_NAME             ; NA                                     ; --            ; --          ; COUNTER_tb       ;
; EDA_DESIGN_INSTANCE_NAME             ; NA                                     ; --            ; --          ; CTRL_tb          ;
; EDA_DESIGN_INSTANCE_NAME             ; NA                                     ; --            ; --          ; RAM_tb           ;
; EDA_DESIGN_INSTANCE_NAME             ; NA                                     ; --            ; --          ; RAM_MUX_tb       ;
; EDA_DESIGN_INSTANCE_NAME             ; NA                                     ; --            ; --          ; PC_tb            ;
; EDA_NATIVELINK_SIMULATION_TEST_BENCH ; model_machine_tb                       ; --            ; --          ; eda_simulation   ;
; EDA_OUTPUT_DATA_FORMAT               ; Vhdl                                   ; --            ; --          ; eda_simulation   ;
; EDA_SIMULATION_TOOL                  ; ModelSim-Altera (VHDL)                 ; <None>        ; --          ; --               ;
; EDA_TEST_BENCH_ENABLE_STATUS         ; TEST_BENCH_MODE                        ; --            ; --          ; eda_simulation   ;
; EDA_TEST_BENCH_FILE                  ; testbench/ALU_tb.vhd                   ; --            ; --          ; ALU_tb           ;
; EDA_TEST_BENCH_FILE                  ; testbench/MAR_tb.vhd                   ; --            ; --          ; MAR_tb           ;
; EDA_TEST_BENCH_FILE                  ; testbench/model_machine_tb.vhd         ; --            ; --          ; model_machine_tb ;
; EDA_TEST_BENCH_FILE                  ; testbench/DR_tb.vhd                    ; --            ; --          ; DR_tb            ;
; EDA_TEST_BENCH_FILE                  ; testbench/IR_tb.vhd                    ; --            ; --          ; IR_tb            ;
; EDA_TEST_BENCH_FILE                  ; testbench/ACC_tb.vhd                   ; --            ; --          ; ACC_tb           ;
; EDA_TEST_BENCH_FILE                  ; testbench/COUNTER_tb.vhd               ; --            ; --          ; COUNTER_tb       ;
; EDA_TEST_BENCH_FILE                  ; testbench/CTRL_tb.vhd                  ; --            ; --          ; CTRL_tb          ;
; EDA_TEST_BENCH_FILE                  ; testbench/RAM_tb.vhd                   ; --            ; --          ; RAM_tb           ;
; EDA_TEST_BENCH_FILE                  ; testbench/RAM_MUX_tb.vhd               ; --            ; --          ; RAM_MUX_tb       ;
; EDA_TEST_BENCH_FILE                  ; testbench/PC_tb.vhd                    ; --            ; --          ; PC_tb            ;
; EDA_TEST_BENCH_MODULE_NAME           ; ALU_tb                                 ; --            ; --          ; ALU_tb           ;
; EDA_TEST_BENCH_MODULE_NAME           ; MAR_tb                                 ; --            ; --          ; MAR_tb           ;
; EDA_TEST_BENCH_MODULE_NAME           ; model_machine_tb                       ; --            ; --          ; model_machine_tb ;
; EDA_TEST_BENCH_MODULE_NAME           ; DR_tb                                  ; --            ; --          ; DR_tb            ;
; EDA_TEST_BENCH_MODULE_NAME           ; IR_tb                                  ; --            ; --          ; IR_tb            ;
; EDA_TEST_BENCH_MODULE_NAME           ; ACC_tb                                 ; --            ; --          ; ACC_tb           ;
; EDA_TEST_BENCH_MODULE_NAME           ; COUNTER_tb                             ; --            ; --          ; COUNTER_tb       ;
; EDA_TEST_BENCH_MODULE_NAME           ; CTRL_tb                                ; --            ; --          ; CTRL_tb          ;
; EDA_TEST_BENCH_MODULE_NAME           ; RAM_tb                                 ; --            ; --          ; RAM_tb           ;
; EDA_TEST_BENCH_MODULE_NAME           ; RAM_MUX_tb                             ; --            ; --          ; RAM_MUX_tb       ;
; EDA_TEST_BENCH_MODULE_NAME           ; PC_tb                                  ; --            ; --          ; PC_tb            ;
; EDA_TEST_BENCH_NAME                  ; PC_tb                                  ; --            ; --          ; eda_simulation   ;
; EDA_TEST_BENCH_NAME                  ; IR_tb                                  ; --            ; --          ; eda_simulation   ;
; EDA_TEST_BENCH_NAME                  ; model_machine_tb                       ; --            ; --          ; eda_simulation   ;
; EDA_TEST_BENCH_NAME                  ; COUNTER_tb                             ; --            ; --          ; eda_simulation   ;
; EDA_TEST_BENCH_NAME                  ; RAM_tb                                 ; --            ; --          ; eda_simulation   ;
; EDA_TEST_BENCH_NAME                  ; RAM_MUX_tb                             ; --            ; --          ; eda_simulation   ;
; EDA_TEST_BENCH_NAME                  ; MAR_tb                                 ; --            ; --          ; eda_simulation   ;
; EDA_TEST_BENCH_NAME                  ; ACC_tb                                 ; --            ; --          ; eda_simulation   ;
; EDA_TEST_BENCH_NAME                  ; ALU_tb                                 ; --            ; --          ; eda_simulation   ;
; EDA_TEST_BENCH_NAME                  ; CTRL_tb                                ; --            ; --          ; eda_simulation   ;
; EDA_TEST_BENCH_NAME                  ; DR_tb                                  ; --            ; --          ; eda_simulation   ;
; EDA_TIME_SCALE                       ; 1 ps                                   ; --            ; --          ; eda_simulation   ;
; PARTITION_COLOR                      ; -- (Not supported for targeted family) ; --            ; --          ; Top              ;
; PARTITION_FITTER_PRESERVATION_LEVEL  ; -- (Not supported for targeted family) ; --            ; --          ; Top              ;
; PARTITION_NETLIST_TYPE               ; -- (Not supported for targeted family) ; --            ; --          ; Top              ;
; PROJECT_OUTPUT_DIRECTORY             ; output_files                           ; --            ; --          ; --               ;
+--------------------------------------+----------------------------------------+---------------+-------------+------------------+


+--------------------------------------------------------------------------------------------------------------------------+
; Flow Elapsed Time                                                                                                        ;
+----------------------+--------------+-------------------------+---------------------+------------------------------------+
; Module Name          ; Elapsed Time ; Average Processors Used ; Peak Virtual Memory ; Total CPU Time (on all processors) ;
+----------------------+--------------+-------------------------+---------------------+------------------------------------+
; Analysis & Synthesis ; 00:00:11     ; 1.0                     ; 4791 MB             ; 00:00:24                           ;
; Fitter               ; 00:00:08     ; 1.0                     ; 5518 MB             ; 00:00:11                           ;
; Assembler            ; 00:00:00     ; 1.0                     ; 4688 MB             ; 00:00:01                           ;
; Timing Analyzer      ; 00:00:02     ; 1.1                     ; 4788 MB             ; 00:00:02                           ;
; EDA Netlist Writer   ; 00:00:01     ; 1.0                     ; 4648 MB             ; 00:00:01                           ;
; Total                ; 00:00:22     ; --                      ; --                  ; 00:00:39                           ;
+----------------------+--------------+-------------------------+---------------------+------------------------------------+


+------------------------------------------------------------------------------------+
; Flow OS Summary                                                                    ;
+----------------------+------------------+------------+------------+----------------+
; Module Name          ; Machine Hostname ; OS Name    ; OS Version ; Processor type ;
+----------------------+------------------+------------+------------+----------------+
; Analysis & Synthesis ; DESKTOP-5RUR6M5  ; Windows 10 ; 10.0       ; x86_64         ;
; Fitter               ; DESKTOP-5RUR6M5  ; Windows 10 ; 10.0       ; x86_64         ;
; Assembler            ; DESKTOP-5RUR6M5  ; Windows 10 ; 10.0       ; x86_64         ;
; Timing Analyzer      ; DESKTOP-5RUR6M5  ; Windows 10 ; 10.0       ; x86_64         ;
; EDA Netlist Writer   ; DESKTOP-5RUR6M5  ; Windows 10 ; 10.0       ; x86_64         ;
+----------------------+------------------+------------+------------+----------------+


------------
; Flow Log ;
------------
quartus_map --read_settings_files=on --write_settings_files=off model_machine -c model_machine
quartus_fit --read_settings_files=off --write_settings_files=off model_machine -c model_machine
quartus_asm --read_settings_files=off --write_settings_files=off model_machine -c model_machine
quartus_sta model_machine -c model_machine
quartus_eda --read_settings_files=off --write_settings_files=off model_machine -c model_machine



